[2026-02-22 00:48:38] | COMMAND_VALIDATION: SUCCESS | COMMAND: Open calculator.
[2026-02-22 00:48:38] | COMMAND_EXECUTION: SUCCESS | COMMAND: OPEN CALCULATOR
[2026-02-23 19:39:37] | COMMAND_VALIDATION: SUCCESS | COMMAND: Open calculator.
[2026-02-23 19:39:37] | COMMAND_EXECUTION: SUCCESS | COMMAND: OPEN CALCULATOR
[2026-02-24 10:00:41] | COMMAND_VALIDATION: SUCCESS | COMMAND: Open calculator.
[2026-02-24 10:00:41] | COMMAND_EXECUTION: SUCCESS | COMMAND: OPEN CALCULATOR
[2026-02-24 10:08:20] | COMMAND_VALIDATION: FAILED | COMMAND: Calculator.
[2026-02-24 10:08:26] | COMMAND_VALIDATION: SUCCESS | COMMAND: Open calculator.
[2026-02-24 10:08:26] | COMMAND_EXECUTION: SUCCESS | COMMAND: OPEN CALCULATOR
[2026-02-24 10:11:56] | COMMAND_VALIDATION: SUCCESS | COMMAND: Open calculator.
[2026-02-24 10:11:56] | COMMAND_EXECUTION: SUCCESS | COMMAND: OPEN CALCULATOR
[2026-02-24 18:00:38] | COMMAND_VALIDATION: FAILED | COMMAND: Calculator.
[2026-02-24 18:00:43] | COMMAND_VALIDATION: SUCCESS | COMMAND: Open calculator.
[2026-02-24 18:00:43] | VOICE_AUTH: FAILED | COMMAND: Open calculator.
[2026-02-24 18:00:52] | COMMAND_VALIDATION: SUCCESS | COMMAND: Open calculator.
[2026-02-24 18:00:52] | VOICE_AUTH: FAILED | COMMAND: Open calculator.
[2026-02-24 18:00:57] | COMMAND_VALIDATION: SUCCESS | COMMAND: Open calculator.
[2026-02-24 18:00:57] | VOICE_AUTH: FAILED | COMMAND: Open calculator.
[2026-02-24 18:01:03] | COMMAND_VALIDATION: SUCCESS | COMMAND: Open calculator.
[2026-02-24 18:01:03] | VOICE_AUTH: FAILED | COMMAND: Open calculator.
[2026-02-24 18:26:18] | COMMAND_VALIDATION: SUCCESS | COMMAND: Open calculator.
[2026-02-24 18:26:19] | VOICE_AUTH: FAILED | COMMAND: Open calculator.
[2026-02-24 19:31:46] | COMMAND_VALIDATION: SUCCESS | COMMAND: Open calculator.
[2026-02-24 19:31:46] | VOICE_AUTH: FAILED | COMMAND: Open calculator.
[2026-02-24 19:31:55] | COMMAND_VALIDATION: SUCCESS | COMMAND: Open calculator.
[2026-02-24 19:31:55] | VOICE_AUTH: FAILED | COMMAND: Open calculator.
[2026-02-24 19:35:19] | COMMAND_VALIDATION: SUCCESS | COMMAND: Open calculator.
[2026-02-24 19:35:19] | VOICE_AUTH: FAILED | COMMAND: Open calculator.
[2026-02-24 22:54:50] | COMMAND_VALIDATION: SUCCESS | COMMAND: Open calculator.
[2026-02-24 22:54:50] | VOICE_AUTH: FAILED | COMMAND: Open calculator.
[2026-02-24 23:41:15] | COMMAND_VALIDATION: SUCCESS | COMMAND: Open calculator.
[2026-02-24 23:41:16] | VOICE_AUTH: FAILED | COMMAND: Open calculator.
[2026-02-24 23:51:14] | COMMAND_VALIDATION: SUCCESS | COMMAND: Open calculator.
[2026-02-24 23:51:31] | COMMAND_VALIDATION: SUCCESS | COMMAND: Open calculator.
[2026-02-24 23:51:32] | VOICE_AUTH: FAILED | COMMAND: Open calculator.
[2026-02-24 23:51:33] | VOICE_AUTH: FAILED | COMMAND: Open calculator.
[2026-02-24 23:51:42] | COMMAND_VALIDATION: SUCCESS | COMMAND: Open calculator.
[2026-02-24 23:51:42] | VOICE_AUTH: FAILED | COMMAND: Open calculator.
[2026-02-25 00:17:43] | COMMAND_VALIDATION: SUCCESS | COMMAND: Open calculator.
[2026-02-25 00:18:08] | VOICE_AUTH: FAILED | COMMAND: Open calculator.
[2026-02-25 00:18:08] | COMMAND_VALIDATION: SUCCESS | COMMAND: Open calculator.
[2026-02-25 00:18:08] | VOICE_AUTH: SUCCESS | COMMAND: Open calculator.
[2026-02-25 00:18:08] | COMMAND_EXECUTION: SUCCESS | COMMAND: OPEN CALCULATOR
